d:\users\mika\documents\visual studio c++\sortingvisualizer\sortingvisualizerv2\x64\debug\vc142.pdb
d:\users\mika\documents\visual studio c++\sortingvisualizer\sortingvisualizerv2\x64\debug\vc142.idb
d:\users\mika\documents\visual studio c++\sortingvisualizer\sortingvisualizerv2\x64\debug\visualizerwindow.obj
d:\users\mika\documents\visual studio c++\sortingvisualizer\sortingvisualizerv2\x64\debug\vertexarray.obj
d:\users\mika\documents\visual studio c++\sortingvisualizer\sortingvisualizerv2\x64\debug\shader.obj
d:\users\mika\documents\visual studio c++\sortingvisualizer\sortingvisualizerv2\x64\debug\renderer.obj
d:\users\mika\documents\visual studio c++\sortingvisualizer\sortingvisualizerv2\x64\debug\main.obj
d:\users\mika\documents\visual studio c++\sortingvisualizer\sortingvisualizerv2\x64\debug\item.obj
d:\users\mika\documents\visual studio c++\sortingvisualizer\sortingvisualizerv2\x64\debug\indexbuffer.obj
d:\users\mika\documents\visual studio c++\sortingvisualizer\sortingvisualizerv2\x64\debug\sorter.obj
d:\users\mika\documents\visual studio c++\sortingvisualizer\x64\debug\sortingvisualizerv2.exe
d:\users\mika\documents\visual studio c++\sortingvisualizer\sortingvisualizerv2\x64\debug\sortingvisualizerv2.ilk
d:\users\mika\documents\visual studio c++\sortingvisualizer\x64\debug\sortingvisualizerv2.pdb
d:\users\mika\documents\visual studio c++\sortingvisualizer\sortingvisualizerv2\x64\debug\vcpkg.applocal.log
d:\users\mika\documents\visual studio c++\sortingvisualizer\sortingvisualizerv2\x64\debug\sortingv.f806097f.tlog\cl.command.1.tlog
d:\users\mika\documents\visual studio c++\sortingvisualizer\sortingvisualizerv2\x64\debug\sortingv.f806097f.tlog\cl.read.1.tlog
d:\users\mika\documents\visual studio c++\sortingvisualizer\sortingvisualizerv2\x64\debug\sortingv.f806097f.tlog\cl.write.1.tlog
d:\users\mika\documents\visual studio c++\sortingvisualizer\sortingvisualizerv2\x64\debug\sortingv.f806097f.tlog\link.command.1.tlog
d:\users\mika\documents\visual studio c++\sortingvisualizer\sortingvisualizerv2\x64\debug\sortingv.f806097f.tlog\link.read.1.tlog
d:\users\mika\documents\visual studio c++\sortingvisualizer\sortingvisualizerv2\x64\debug\sortingv.f806097f.tlog\link.write.1.tlog
d:\users\mika\documents\visual studio c++\sortingvisualizer\sortingvisualizerv2\x64\debug\sortingv.f806097f.tlog\sortingvisualizerv2.write.1u.tlog
