  Sorter.cpp
D:\Users\Mika\Documents\Visual studio c++\SortingVisualizer\SortingVisualizerV2\source\Sorter.cpp(156,28): warning C4267: 'initializing': conversion from 'size_t' to 'int', possible loss of data
D:\Users\Mika\Documents\Visual studio c++\SortingVisualizer\SortingVisualizerV2\source\Sorter.cpp(184,28): warning C4267: 'initializing': conversion from 'size_t' to 'int', possible loss of data
D:\Users\Mika\Documents\Visual studio c++\SortingVisualizer\SortingVisualizerV2\source\Sorter.cpp(287,101): warning C4267: 'argument': conversion from 'size_t' to 'int', possible loss of data
D:\Users\Mika\Documents\Visual studio c++\SortingVisualizer\SortingVisualizerV2\source\Sorter.cpp(307,22): warning C4267: 'argument': conversion from 'size_t' to 'int', possible loss of data
D:\Users\Mika\Documents\Visual studio c++\SortingVisualizer\SortingVisualizerV2\source\Sorter.cpp(358,28): warning C4267: 'initializing': conversion from 'size_t' to 'int', possible loss of data
D:\Users\Mika\Documents\Visual studio c++\SortingVisualizer\SortingVisualizerV2\source\Sorter.cpp(431,96): warning C4267: 'argument': conversion from 'size_t' to 'int', possible loss of data
  VisualizerWindow.cpp
D:\Users\Mika\Documents\Visual studio c++\SortingVisualizer\SortingVisualizerV2\source\VisualizerWindow.cpp(53,65): warning C4305: 'argument': truncation from 'double' to 'float'
D:\Users\Mika\Documents\Visual studio c++\SortingVisualizer\SortingVisualizerV2\source\VisualizerWindow.cpp(55,92): warning C4267: 'argument': conversion from 'size_t' to 'unsigned int', possible loss of data
D:\Users\Mika\Documents\Visual studio c++\SortingVisualizer\SortingVisualizerV2\source\VisualizerWindow.cpp(209,51): warning C4838: conversion from 'double' to 'float' requires a narrowing conversion
D:\Users\Mika\Documents\Visual studio c++\SortingVisualizer\SortingVisualizerV2\source\VisualizerWindow.cpp(209,51): warning C4244: 'initializing': conversion from 'double' to 'float', possible loss of data
D:\Users\Mika\Documents\Visual studio c++\SortingVisualizer\SortingVisualizerV2\source\VisualizerWindow.cpp(210,51): warning C4838: conversion from 'double' to 'float' requires a narrowing conversion
D:\Users\Mika\Documents\Visual studio c++\SortingVisualizer\SortingVisualizerV2\source\VisualizerWindow.cpp(210,51): warning C4244: 'initializing': conversion from 'double' to 'float', possible loss of data
ImGui.lib(imgui_impl_glfw.obj) : warning LNK4075: ignoring '/EDITANDCONTINUE' due to '/OPT:ICF' specification
LINK : warning LNK4098: defaultlib 'LIBCMT' conflicts with use of other libs; use /NODEFAULTLIB:library
LINK : warning LNK4098: defaultlib 'MSVCRTD' conflicts with use of other libs; use /NODEFAULTLIB:library
  Generating code
  0 of 1356 functions ( 0.0%) were compiled, the rest were copied from previous compilation.
    0 functions were new in current compilation
    0 functions had inline decision re-evaluated but remain unchanged
  Finished generating code
glew32s.lib(glew.obj) : warning LNK4099: PDB 'vc120.pdb' was not found with 'glew32s.lib(glew.obj)' or at 'D:\Users\Mika\Documents\Visual studio c++\SortingVisualizer\x64\Release\vc120.pdb'; linking object as if no debug info
  SortingVisualizerV2.vcxproj -> D:\Users\Mika\Documents\Visual studio c++\SortingVisualizer\x64\Release\SortingVisualizerV2.exe
D:\Program Files (x86)\vcpkg\vcpkg\scripts\buildsystems\msbuild\vcpkg.targets(109,5): warning MSB5021: Terminating the task executable "cmd" and its child processes because the build was canceled.
D:\Program Files (x86)\vcpkg\vcpkg\scripts\buildsystems\msbuild\vcpkg.targets(109,5): error MSB4181: The "Exec" task returned false but did not log an error.
