d:\users\mika\documents\visual studio c++\sortingvisualizer\sortingvisualizerv2\x64\release\vc142.pdb
d:\users\mika\documents\visual studio c++\sortingvisualizer\sortingvisualizerv2\x64\release\visualizerwindow.obj
d:\users\mika\documents\visual studio c++\sortingvisualizer\sortingvisualizerv2\x64\release\sorter.obj
d:\users\mika\documents\visual studio c++\sortingvisualizer\sortingvisualizerv2\x64\release\vertexarray.obj
d:\users\mika\documents\visual studio c++\sortingvisualizer\sortingvisualizerv2\x64\release\shader.obj
d:\users\mika\documents\visual studio c++\sortingvisualizer\sortingvisualizerv2\x64\release\renderer.obj
d:\users\mika\documents\visual studio c++\sortingvisualizer\sortingvisualizerv2\x64\release\main.obj
d:\users\mika\documents\visual studio c++\sortingvisualizer\sortingvisualizerv2\x64\release\indexbuffer.obj
d:\users\mika\documents\visual studio c++\sortingvisualizer\x64\release\sortingvisualizerv2.exe
d:\users\mika\documents\visual studio c++\sortingvisualizer\sortingvisualizerv2\x64\release\sortingvisualizerv2.ipdb
d:\users\mika\documents\visual studio c++\sortingvisualizer\sortingvisualizerv2\x64\release\sortingvisualizerv2.iobj
d:\users\mika\documents\visual studio c++\sortingvisualizer\x64\release\sortingvisualizerv2.pdb
d:\users\mika\documents\visual studio c++\sortingvisualizer\sortingvisualizerv2\x64\release\vcpkg.applocal.log
d:\users\mika\documents\visual studio c++\sortingvisualizer\sortingvisualizerv2\x64\release\sortingv.f806097f.tlog\cl.command.1.tlog
d:\users\mika\documents\visual studio c++\sortingvisualizer\sortingvisualizerv2\x64\release\sortingv.f806097f.tlog\cl.read.1.tlog
d:\users\mika\documents\visual studio c++\sortingvisualizer\sortingvisualizerv2\x64\release\sortingv.f806097f.tlog\cl.write.1.tlog
d:\users\mika\documents\visual studio c++\sortingvisualizer\sortingvisualizerv2\x64\release\sortingv.f806097f.tlog\link.command.1.tlog
d:\users\mika\documents\visual studio c++\sortingvisualizer\sortingvisualizerv2\x64\release\sortingv.f806097f.tlog\link.read.1.tlog
d:\users\mika\documents\visual studio c++\sortingvisualizer\sortingvisualizerv2\x64\release\sortingv.f806097f.tlog\link.write.1.tlog
d:\users\mika\documents\visual studio c++\sortingvisualizer\sortingvisualizerv2\x64\release\sortingv.f806097f.tlog\sortingvisualizerv2.write.1u.tlog
